<?xml version="1.0" encoding="UTF-8"?>
<!-- Generated by org.testng.reporters.JUnitReportReporter -->
<testsuite hostname="DESKTOP-HO3NPSQ" failures="0" tests="1" name="selenium.testng.TestNGParameter" time="0.018" errors="0" timestamp="2021-05-28T11:07:21 IST" skipped="0">
  <testcase classname="selenium.testng.TestNGParameter" name="testParameter" time="0.018"/>
  <system-out/>
</testsuite> <!-- selenium.testng.TestNGParameter -->
