<?xml version="1.0" encoding="UTF-8"?>
<!-- Generated by org.testng.reporters.JUnitReportReporter -->
<testsuite hostname="DESKTOP-HO3NPSQ" failures="0" tests="1" name="selenium.testng.MyTestNGListener" time="0.017" errors="0" timestamp="2021-05-28T10:50:34 IST" skipped="0">
  <testcase classname="selenium.testng.MyTestNGListener" name="secondTest" time="0.017"/>
  <system-out/>
</testsuite> <!-- selenium.testng.MyTestNGListener -->
