<?xml version="1.0" encoding="UTF-8"?>
<!-- Generated by org.testng.reporters.JUnitReportReporter -->
<testsuite hostname="DESKTOP-HO3NPSQ" failures="0" tests="4" name="selenium.testng.TestNgParallel" time="0.013" errors="0" timestamp="2021-05-28T11:02:34 IST" skipped="0">
  <testcase classname="selenium.testng.TestNgParallel" name="testD" time="0.003"/>
  <system-out/>
  <testcase classname="selenium.testng.TestNgParallel" name="testC" time="0.004"/>
  <system-out/>
  <testcase classname="selenium.testng.TestNgParallel" name="testB" time="0.003"/>
  <system-out/>
  <testcase classname="selenium.testng.TestNgParallel" name="testA" time="0.003"/>
  <system-out/>
</testsuite> <!-- selenium.testng.TestNgParallel -->
