<?xml version="1.0" encoding="UTF-8"?>
<!-- Generated by org.testng.reporters.JUnitReportReporter -->
<testsuite hostname="DESKTOP-HO3NPSQ" failures="0" tests="6" name="selenium.testng.TestNgDataparameters" time="0.022" errors="0" timestamp="2021-05-28T10:30:31 IST" skipped="2">
  <testcase classname="selenium.testng.TestNgDataparameters" name="testData" time="0.005"/>
  <system-out/>
  <testcase classname="selenium.testng.TestNgDataparameters" name="testData3" time="0.002"/>
  <system-out/>
  <testcase classname="selenium.testng.TestNgDataparameters" name="testData" time="0.013"/>
  <system-out/>
  <testcase classname="selenium.testng.TestNgDataparameters" name="testData" time="0.002"/>
  <system-out/>
  <testcase classname="selenium.testng.TestNgDataparameters" name="testData2">
    <skipped/>
  </testcase> <!-- testData2 -->
  <system-out/>
  <testcase classname="selenium.testng.TestNgDataparameters" name="testData1">
    <skipped/>
  </testcase> <!-- testData1 -->
  <system-out/>
</testsuite> <!-- selenium.testng.TestNgDataparameters -->
