<?xml version="1.0" encoding="UTF-8"?>
<!-- Generated by org.testng.reporters.JUnitReportReporter -->
<testsuite hostname="DESKTOP-HO3NPSQ" failures="0" tests="2" name="selenium.testng.EmployeeTest" time="0.015" errors="0" timestamp="2021-05-28T11:07:53 IST" skipped="0">
  <testcase classname="selenium.testng.EmployeeTest" name="employeeSignup" time="0.005"/>
  <system-out/>
  <testcase classname="selenium.testng.EmployeeTest" name="employeeLogout" time="0.010"/>
  <system-out/>
</testsuite> <!-- selenium.testng.EmployeeTest -->
