<?xml version="1.0" encoding="UTF-8"?>
<!-- Generated by org.testng.reporters.JUnitReportReporter -->
<testsuite hostname="DESKTOP-HO3NPSQ" failures="0" tests="2" name="selenium.testng.TestNGAnnotations" time="0.030" errors="0" timestamp="2021-05-28T11:02:34 IST" skipped="0">
  <testcase classname="selenium.testng.TestNGAnnotations" name="firstTest" time="0.024"/>
  <system-out/>
  <testcase classname="selenium.testng.TestNGAnnotations" name="secondTest" time="0.006"/>
  <system-out/>
</testsuite> <!-- selenium.testng.TestNGAnnotations -->
