<?xml version="1.0" encoding="UTF-8"?>
<!-- Generated by org.testng.reporters.JUnitReportReporter -->
<testsuite hostname="DESKTOP-HO3NPSQ" failures="0" tests="3" name="selenium.testng.TestngExample" time="0.008" errors="0" timestamp="2021-05-28T10:39:36 IST" skipped="2">
  <testcase classname="selenium.testng.TestngExample" name="hiWorld" time="0.008"/>
  <system-out/>
  <testcase classname="selenium.testng.TestngExample" name="hello">
    <skipped/>
  </testcase> <!-- hello -->
  <system-out/>
  <testcase classname="selenium.testng.TestngExample" name="helloWorld">
    <skipped/>
  </testcase> <!-- helloWorld -->
  <system-out/>
</testsuite> <!-- selenium.testng.TestngExample -->
