<?xml version="1.0" encoding="UTF-8"?>
<!-- Generated by org.testng.reporters.JUnitReportReporter -->
<testsuite hostname="DESKTOP-HO3NPSQ" failures="0" tests="5" name="selenium.testng.RetryExample" time="0.023" errors="0" timestamp="2021-05-28T10:47:34 IST" skipped="4">
  <testcase classname="selenium.testng.RetryExample" name="testA" time="0.002">
    <skipped/>
  </testcase> <!-- testA -->
  <system-out/>
  <testcase classname="selenium.testng.RetryExample" name="testA" time="0.014">
    <skipped/>
  </testcase> <!-- testA -->
  <system-out/>
  <testcase classname="selenium.testng.RetryExample" name="testA" time="0.001">
    <skipped/>
  </testcase> <!-- testA -->
  <system-out/>
  <testcase classname="selenium.testng.RetryExample" name="testA" time="0.003"/>
  <system-out/>
  <testcase classname="selenium.testng.RetryExample" name="testA" time="0.003">
    <skipped/>
  </testcase> <!-- testA -->
  <system-out/>
</testsuite> <!-- selenium.testng.RetryExample -->
